alloc on heap! virtual addr is: 0xC0081000
kernel_dir addr is: 0x114000
 Page content for address: 0xC0081000 is : 0x19B005
Page frame for address: 0xC0081000 is : 0x19B
Page addr&0xFFF for address: 0xC0081000 is : 0x0
physical addr is: 0x19B000
Clone dir. Dir virtual address: 0xC0081000 Physical address: 0x19B000
offset: 0x1000 pageTable Physical address: 0x19C000
Copy kernel tables .
 Copy kernel tables .
 /////////////////////////////////////current_dir///////
alloc on heap! virtual addr is: 0xC0084000
kernel_dir addr is: 0x114000
 Page content for address: 0xC0084000 is : 0x19E005
Page frame for address: 0xC0084000 is : 0x19E
Page addr&0xFFF for address: 0xC0084000 is : 0x0
physical addr is: 0x19E000
alloc on heap! virtual addr is: 0xC0086000
kernel_dir addr is: 0x114000
 Page content for address: 0xC0086000 is : 0x1A0005
Page frame for address: 0xC0086000 is : 0x1A0
Page addr&0xFFF for address: 0xC0086000 is : 0x0
physical addr is: 0x1A0000
Print current_directory: after alloc_frame
Page directory: 0x19C000
virual address of : 0x0 table virtual address: 0xC0081000 table physical address: 0x118027
#########################
virual address of : 0x0 mapped to physical address: 0x5
virual address of : 0x1000 mapped to physical address: 0x1005
virual address of : 0x2000 mapped to physical address: 0x2005
virual address of : 0x3000 mapped to physical address: 0x3005
virual address of : 0x4000 mapped to physical address: 0x4005
virual address of : 0x5000 mapped to physical address: 0x5005
virual address of : 0x6000 mapped to physical address: 0x6005
virual address of : 0x7000 mapped to physical address: 0x7005
virual address of : 0x8000 mapped to physical address: 0x8005
virual address of : 0x9000 mapped to physical address: 0x9005
virual address of : 0xA000 mapped to physical address: 0xA005
virual address of : 0xB000 mapped to physical address: 0xB005
virual address of : 0xC000 mapped to physical address: 0xC005
virual address of : 0xD000 mapped to physical address: 0xD005
virual address of : 0xE000 mapped to physical address: 0xE005
virual address of : 0xF000 mapped to physical address: 0xF005
virual address of : 0x10000 mapped to physical address: 0x10005
virual address of : 0x11000 mapped to physical address: 0x11005
virual address of : 0x12000 mapped to physical address: 0x12005
virual address of : 0x13000 mapped to physical address: 0x13005
virual address of : 0x14000 mapped to physical address: 0x14005
virual address of : 0x15000 mapped to physical address: 0x15005
virual address of : 0x16000 mapped to physical address: 0x16005
virual address of : 0x17000 mapped to physical address: 0x17005
virual address of : 0x18000 mapped to physical address: 0x18005
virual address of : 0x19000 mapped to physical address: 0x19005
virual address of : 0x1A000 mapped to physical address: 0x1A005
virual address of : 0x1B000 mapped to physical address: 0x1B005
virual address of : 0x1C000 mapped to physical address: 0x1C005
virual address of : 0x1D000 mapped to physical address: 0x1D005
virual address of : 0x1E000 mapped to physical address: 0x1E005
virual address of : 0x1F000 mapped to physical address: 0x1F005
virual address of : 0x20000 mapped to physical address: 0x20005
virual address of : 0x21000 mapped to physical address: 0x21005
virual address of : 0x22000 mapped to physical address: 0x22005
virual address of : 0x23000 mapped to physical address: 0x23005
virual address of : 0x24000 mapped to physical address: 0x24005
virual address of : 0x25000 mapped to physical address: 0x25005
virual address of : 0x26000 mapped to physical address: 0x26005
virual address of : 0x27000 mapped to physical address: 0x27005
virual address of : 0x28000 mapped to physical address: 0x28005
virual address of : 0x29000 mapped to physical address: 0x29005
virual address of : 0x2A000 mapped to physical address: 0x2A005
virual address of : 0x2B000 mapped to physical address: 0x2B005
virual address of : 0x2C000 mapped to physical address: 0x2C005
virual address of : 0x2D000 mapped to physical address: 0x2D005
virual address of : 0x2E000 mapped to physical address: 0x2E005
virual address of : 0x2F000 mapped to physical address: 0x2F005
virual address of : 0x30000 mapped to physical address: 0x30005
virual address of : 0x31000 mapped to physical address: 0x31005
virual address of : 0x32000 mapped to physical address: 0x32005
virual address of : 0x33000 mapped to physical address: 0x33005
virual address of : 0x34000 mapped to physical address: 0x34005
virual address of : 0x35000 mapped to physical address: 0x35005
virual address of : 0x36000 mapped to physical address: 0x36005
virual address of : 0x37000 mapped to physical address: 0x37005
virual address of : 0x38000 mapped to physical address: 0x38005
virual address of : 0x39000 mapped to physical address: 0x39005
virual address of : 0x3A000 mapped to physical address: 0x3A005
virual address of : 0x3B000 mapped to physical address: 0x3B005
virual address of : 0x3C000 mapped to physical address: 0x3C005
virual address of : 0x3D000 mapped to physical address: 0x3D005
virual address of : 0x3E000 mapped to physical address: 0x3E005
virual address of : 0x3F000 mapped to physical address: 0x3F005
virual address of : 0x40000 mapped to physical address: 0x40005
virual address of : 0x41000 mapped to physical address: 0x41005
virual address of : 0x42000 mapped to physical address: 0x42005
virual address of : 0x43000 mapped to physical address: 0x43005
virual address of : 0x44000 mapped to physical address: 0x44005
virual address of : 0x45000 mapped to physical address: 0x45005
virual address of : 0x46000 mapped to physical address: 0x46005
virual address of : 0x47000 mapped to physical address: 0x47005
virual address of : 0x48000 mapped to physical address: 0x48005
virual address of : 0x49000 mapped to physical address: 0x49005
virual address of : 0x4A000 mapped to physical address: 0x4A005
virual address of : 0x4B000 mapped to physical address: 0x4B005
virual address of : 0x4C000 mapped to physical address: 0x4C005
virual address of : 0x4D000 mapped to physical address: 0x4D005
virual address of : 0x4E000 mapped to physical address: 0x4E005
virual address of : 0x4F000 mapped to physical address: 0x4F005
virual address of : 0x50000 mapped to physical address: 0x50005
virual address of : 0x51000 mapped to physical address: 0x51005
virual address of : 0x52000 mapped to physical address: 0x52005
virual address of : 0x53000 mapped to physical address: 0x53005
virual address of : 0x54000 mapped to physical address: 0x54005
virual address of : 0x55000 mapped to physical address: 0x55005
virual address of : 0x56000 mapped to physical address: 0x56005
virual address of : 0x57000 mapped to physical address: 0x57005
virual address of : 0x58000 mapped to physical address: 0x58005
virual address of : 0x59000 mapped to physical address: 0x59005
virual address of : 0x5A000 mapped to physical address: 0x5A005
virual address of : 0x5B000 mapped to physical address: 0x5B005
virual address of : 0x5C000 mapped to physical address: 0x5C005
virual address of : 0x5D000 mapped to physical address: 0x5D005
virual address of : 0x5E000 mapped to physical address: 0x5E005
virual address of : 0x5F000 mapped to physical address: 0x5F005
virual address of : 0x60000 mapped to physical address: 0x60005
virual address of : 0x61000 mapped to physical address: 0x61005
virual address of : 0x62000 mapped to physical address: 0x62005
virual address of : 0x63000 mapped to physical address: 0x63005
virual address of : 0x64000 mapped to physical address: 0x64005
virual address of : 0x65000 mapped to physical address: 0x65005
virual address of : 0x66000 mapped to physical address: 0x66005
virual address of : 0x67000 mapped to physical address: 0x67005
virual address of : 0x68000 mapped to physical address: 0x68005
virual address of : 0x69000 mapped to physical address: 0x69005
virual address of : 0x6A000 mapped to physical address: 0x6A005
virual address of : 0x6B000 mapped to physical address: 0x6B005
virual address of : 0x6C000 mapped to physical address: 0x6C005
virual address of : 0x6D000 mapped to physical address: 0x6D005
virual address of : 0x6E000 mapped to physical address: 0x6E005
virual address of : 0x6F000 mapped to physical address: 0x6F005
virual address of : 0x70000 mapped to physical address: 0x70005
virual address of : 0x71000 mapped to physical address: 0x71005
virual address of : 0x72000 mapped to physical address: 0x72005
virual address of : 0x73000 mapped to physical address: 0x73005
virual address of : 0x74000 mapped to physical address: 0x74005
virual address of : 0x75000 mapped to physical address: 0x75005
virual address of : 0x76000 mapped to physical address: 0x76005
virual address of : 0x77000 mapped to physical address: 0x77005
virual address of : 0x78000 mapped to physical address: 0x78005
virual address of : 0x79000 mapped to physical address: 0x79005
virual address of : 0x7A000 mapped to physical address: 0x7A005
virual address of : 0x7B000 mapped to physical address: 0x7B005
virual address of : 0x7C000 mapped to physical address: 0x7C005
virual address of : 0x7D000 mapped to physical address: 0x7D005
virual address of : 0x7E000 mapped to physical address: 0x7E005
virual address of : 0x7F000 mapped to physical address: 0x7F065
virual address of : 0x80000 mapped to physical address: 0x80005
virual address of : 0x81000 mapped to physical address: 0x81005
virual address of : 0x82000 mapped to physical address: 0x82005
virual address of : 0x83000 mapped to physical address: 0x83005
virual address of : 0x84000 mapped to physical address: 0x84005
virual address of : 0x85000 mapped to physical address: 0x85005
virual address of : 0x86000 mapped to physical address: 0x86005
virual address of : 0x87000 mapped to physical address: 0x87005
virual address of : 0x88000 mapped to physical address: 0x88005
virual address of : 0x89000 mapped to physical address: 0x89005
virual address of : 0x8A000 mapped to physical address: 0x8A005
virual address of : 0x8B000 mapped to physical address: 0x8B005
virual address of : 0x8C000 mapped to physical address: 0x8C005
virual address of : 0x8D000 mapped to physical address: 0x8D005
virual address of : 0x8E000 mapped to physical address: 0x8E005
virual address of : 0x8F000 mapped to physical address: 0x8F005
virual address of : 0x90000 mapped to physical address: 0x90005
virual address of : 0x91000 mapped to physical address: 0x91005
virual address of : 0x92000 mapped to physical address: 0x92005
virual address of : 0x93000 mapped to physical address: 0x93005
virual address of : 0x94000 mapped to physical address: 0x94005
virual address of : 0x95000 mapped to physical address: 0x95005
virual address of : 0x96000 mapped to physical address: 0x96005
virual address of : 0x97000 mapped to physical address: 0x97005
virual address of : 0x98000 mapped to physical address: 0x98005
virual address of : 0x99000 mapped to physical address: 0x99005
virual address of : 0x9A000 mapped to physical address: 0x9A005
virual address of : 0x9B000 mapped to physical address: 0x9B005
virual address of : 0x9C000 mapped to physical address: 0x9C005
virual address of : 0x9D000 mapped to physical address: 0x9D005
virual address of : 0x9E000 mapped to physical address: 0x9E005
virual address of : 0x9F000 mapped to physical address: 0x9F005
virual address of : 0xA0000 mapped to physical address: 0xA0005
virual address of : 0xA1000 mapped to physical address: 0xA1005
virual address of : 0xA2000 mapped to physical address: 0xA2005
virual address of : 0xA3000 mapped to physical address: 0xA3005
virual address of : 0xA4000 mapped to physical address: 0xA4005
virual address of : 0xA5000 mapped to physical address: 0xA5005
virual address of : 0xA6000 mapped to physical address: 0xA6005
virual address of : 0xA7000 mapped to physical address: 0xA7005
virual address of : 0xA8000 mapped to physical address: 0xA8005
virual address of : 0xA9000 mapped to physical address: 0xA9005
virual address of : 0xAA000 mapped to physical address: 0xAA005
virual address of : 0xAB000 mapped to physical address: 0xAB005
virual address of : 0xAC000 mapped to physical address: 0xAC005
virual address of : 0xAD000 mapped to physical address: 0xAD005
virual address of : 0xAE000 mapped to physical address: 0xAE005
virual address of : 0xAF000 mapped to physical address: 0xAF005
virual address of : 0xB0000 mapped to physical address: 0xB0005
virual address of : 0xB1000 mapped to physical address: 0xB1005
virual address of : 0xB2000 mapped to physical address: 0xB2005
virual address of : 0xB3000 mapped to physical address: 0xB3005
virual address of : 0xB4000 mapped to physical address: 0xB4005
virual address of : 0xB5000 mapped to physical address: 0xB5005
virual address of : 0xB6000 mapped to physical address: 0xB6005
virual address of : 0xB7000 mapped to physical address: 0xB7005
virual address of : 0xB8000 mapped to physical address: 0xB8065
virual address of : 0xB9000 mapped to physical address: 0xB9025
virual address of : 0xBA000 mapped to physical address: 0xBA005
virual address of : 0xBB000 mapped to physical address: 0xBB005
virual address of : 0xBC000 mapped to physical address: 0xBC005
virual address of : 0xBD000 mapped to physical address: 0xBD005
virual address of : 0xBE000 mapped to physical address: 0xBE005
virual address of : 0xBF000 mapped to physical address: 0xBF005
virual address of : 0xC0000 mapped to physical address: 0xC0005
virual address of : 0xC1000 mapped to physical address: 0xC1005
virual address of : 0xC2000 mapped to physical address: 0xC2005
virual address of : 0xC3000 mapped to physical address: 0xC3005
virual address of : 0xC4000 mapped to physical address: 0xC4005
virual address of : 0xC5000 mapped to physical address: 0xC5005
virual address of : 0xC6000 mapped to physical address: 0xC6005
virual address of : 0xC7000 mapped to physical address: 0xC7005
virual address of : 0xC8000 mapped to physical address: 0xC8005
virual address of : 0xC9000 mapped to physical address: 0xC9005
virual address of : 0xCA000 mapped to physical address: 0xCA005
virual address of : 0xCB000 mapped to physical address: 0xCB005
virual address of : 0xCC000 mapped to physical address: 0xCC005
virual address of : 0xCD000 mapped to physical address: 0xCD005
virual address of : 0xCE000 mapped to physical address: 0xCE005
virual address of : 0xCF000 mapped to physical address: 0xCF005
virual address of : 0xD0000 mapped to physical address: 0xD0005
virual address of : 0xD1000 mapped to physical address: 0xD1005
virual address of : 0xD2000 mapped to physical address: 0xD2005
virual address of : 0xD3000 mapped to physical address: 0xD3005
virual address of : 0xD4000 mapped to physical address: 0xD4005
virual address of : 0xD5000 mapped to physical address: 0xD5005
virual address of : 0xD6000 mapped to physical address: 0xD6005
virual address of : 0xD7000 mapped to physical address: 0xD7005
virual address of : 0xD8000 mapped to physical address: 0xD8005
virual address of : 0xD9000 mapped to physical address: 0xD9005
virual address of : 0xDA000 mapped to physical address: 0xDA005
virual address of : 0xDB000 mapped to physical address: 0xDB005
virual address of : 0xDC000 mapped to physical address: 0xDC005
virual address of : 0xDD000 mapped to physical address: 0xDD005
virual address of : 0xDE000 mapped to physical address: 0xDE005
virual address of : 0xDF000 mapped to physical address: 0xDF005
virual address of : 0xE0000 mapped to physical address: 0xE0005
virual address of : 0xE1000 mapped to physical address: 0xE1005
virual address of : 0xE2000 mapped to physical address: 0xE2005
virual address of : 0xE3000 mapped to physical address: 0xE3005
virual address of : 0xE4000 mapped to physical address: 0xE4005
virual address of : 0xE5000 mapped to physical address: 0xE5005
virual address of : 0xE6000 mapped to physical address: 0xE6005
virual address of : 0xE7000 mapped to physical address: 0xE7005
virual address of : 0xE8000 mapped to physical address: 0xE8005
virual address of : 0xE9000 mapped to physical address: 0xE9005
virual address of : 0xEA000 mapped to physical address: 0xEA005
virual address of : 0xEB000 mapped to physical address: 0xEB005
virual address of : 0xEC000 mapped to physical address: 0xEC005
virual address of : 0xED000 mapped to physical address: 0xED005
virual address of : 0xEE000 mapped to physical address: 0xEE005
virual address of : 0xEF000 mapped to physical address: 0xEF005
virual address of : 0xF0000 mapped to physical address: 0xF0005
virual address of : 0xF1000 mapped to physical address: 0xF1005
virual address of : 0xF2000 mapped to physical address: 0xF2005
virual address of : 0xF3000 mapped to physical address: 0xF3005
virual address of : 0xF4000 mapped to physical address: 0xF4005
virual address of : 0xF5000 mapped to physical address: 0xF5005
virual address of : 0xF6000 mapped to physical address: 0xF6005
virual address of : 0xF7000 mapped to physical address: 0xF7005
virual address of : 0xF8000 mapped to physical address: 0xF8005
virual address of : 0xF9000 mapped to physical address: 0xF9005
virual address of : 0xFA000 mapped to physical address: 0xFA005
virual address of : 0xFB000 mapped to physical address: 0xFB005
virual address of : 0xFC000 mapped to physical address: 0xFC005
virual address of : 0xFD000 mapped to physical address: 0xFD005
virual address of : 0xFE000 mapped to physical address: 0xFE005
virual address of : 0xFF000 mapped to physical address: 0xFF005
virual address of : 0x100000 mapped to physical address: 0x100025
virual address of : 0x101000 mapped to physical address: 0x101025
virual address of : 0x102000 mapped to physical address: 0x102025
virual address of : 0x103000 mapped to physical address: 0x103025
virual address of : 0x104000 mapped to physical address: 0x104025
virual address of : 0x105000 mapped to physical address: 0x105025
virual address of : 0x106000 mapped to physical address: 0x106005
virual address of : 0x107000 mapped to physical address: 0x107065
virual address of : 0x108000 mapped to physical address: 0x108065
virual address of : 0x109000 mapped to physical address: 0x109005
virual address of : 0x10A000 mapped to physical address: 0x10A005
virual address of : 0x10B000 mapped to physical address: 0x10B005
virual address of : 0x10C000 mapped to physical address: 0x10C005
virual address of : 0x10D000 mapped to physical address: 0x10D005
virual address of : 0x10E000 mapped to physical address: 0x10E005
virual address of : 0x10F000 mapped to physical address: 0x10F005
virual address of : 0x110000 mapped to physical address: 0x110005
virual address of : 0x111000 mapped to physical address: 0x111005
virual address of : 0x112000 mapped to physical address: 0x112005
virual address of : 0x113000 mapped to physical address: 0x113065
virual address of : 0x114000 mapped to physical address: 0x114025
virual address of : 0x115000 mapped to physical address: 0x115025
virual address of : 0x116000 mapped to physical address: 0x116005
virual address of : 0x117000 mapped to physical address: 0x117025
virual address of : 0x118000 mapped to physical address: 0x118025
virual address of : 0x119000 mapped to physical address: 0x119065
virual address of : 0xC0000000 table virtual address: 0xC0081C00 table physical address: 0x117027
#########################
virual address of : 0xC0000000 mapped to physical address: 0x11A065
virual address of : 0xC0001000 mapped to physical address: 0x11B065
virual address of : 0xC0002000 mapped to physical address: 0x11C065
virual address of : 0xC0003000 mapped to physical address: 0x11D065
virual address of : 0xC0004000 mapped to physical address: 0x11E065
virual address of : 0xC0005000 mapped to physical address: 0x11F065
virual address of : 0xC0006000 mapped to physical address: 0x120065
virual address of : 0xC0007000 mapped to physical address: 0x121065
virual address of : 0xC0008000 mapped to physical address: 0x122065
virual address of : 0xC0009000 mapped to physical address: 0x123065
virual address of : 0xC000A000 mapped to physical address: 0x124065
virual address of : 0xC000B000 mapped to physical address: 0x125065
virual address of : 0xC000C000 mapped to physical address: 0x126065
virual address of : 0xC000D000 mapped to physical address: 0x127065
virual address of : 0xC000E000 mapped to physical address: 0x128065
virual address of : 0xC000F000 mapped to physical address: 0x129065
virual address of : 0xC0010000 mapped to physical address: 0x12A065
virual address of : 0xC0011000 mapped to physical address: 0x12B065
virual address of : 0xC0012000 mapped to physical address: 0x12C065
virual address of : 0xC0013000 mapped to physical address: 0x12D065
virual address of : 0xC0014000 mapped to physical address: 0x12E065
virual address of : 0xC0015000 mapped to physical address: 0x12F065
virual address of : 0xC0016000 mapped to physical address: 0x130065
virual address of : 0xC0017000 mapped to physical address: 0x131065
virual address of : 0xC0018000 mapped to physical address: 0x132065
virual address of : 0xC0019000 mapped to physical address: 0x133065
virual address of : 0xC001A000 mapped to physical address: 0x134065
virual address of : 0xC001B000 mapped to physical address: 0x135065
virual address of : 0xC001C000 mapped to physical address: 0x136065
virual address of : 0xC001D000 mapped to physical address: 0x137065
virual address of : 0xC001E000 mapped to physical address: 0x138065
virual address of : 0xC001F000 mapped to physical address: 0x139065
virual address of : 0xC0020000 mapped to physical address: 0x13A065
virual address of : 0xC0021000 mapped to physical address: 0x13B065
virual address of : 0xC0022000 mapped to physical address: 0x13C065
virual address of : 0xC0023000 mapped to physical address: 0x13D065
virual address of : 0xC0024000 mapped to physical address: 0x13E065
virual address of : 0xC0025000 mapped to physical address: 0x13F065
virual address of : 0xC0026000 mapped to physical address: 0x140065
virual address of : 0xC0027000 mapped to physical address: 0x141065
virual address of : 0xC0028000 mapped to physical address: 0x142065
virual address of : 0xC0029000 mapped to physical address: 0x143065
virual address of : 0xC002A000 mapped to physical address: 0x144065
virual address of : 0xC002B000 mapped to physical address: 0x145065
virual address of : 0xC002C000 mapped to physical address: 0x146065
virual address of : 0xC002D000 mapped to physical address: 0x147065
virual address of : 0xC002E000 mapped to physical address: 0x148065
virual address of : 0xC002F000 mapped to physical address: 0x149065
virual address of : 0xC0030000 mapped to physical address: 0x14A065
virual address of : 0xC0031000 mapped to physical address: 0x14B065
virual address of : 0xC0032000 mapped to physical address: 0x14C065
virual address of : 0xC0033000 mapped to physical address: 0x14D065
virual address of : 0xC0034000 mapped to physical address: 0x14E065
virual address of : 0xC0035000 mapped to physical address: 0x14F065
virual address of : 0xC0036000 mapped to physical address: 0x150065
virual address of : 0xC0037000 mapped to physical address: 0x151065
virual address of : 0xC0038000 mapped to physical address: 0x152065
virual address of : 0xC0039000 mapped to physical address: 0x153065
virual address of : 0xC003A000 mapped to physical address: 0x154065
virual address of : 0xC003B000 mapped to physical address: 0x155065
virual address of : 0xC003C000 mapped to physical address: 0x156065
virual address of : 0xC003D000 mapped to physical address: 0x157065
virual address of : 0xC003E000 mapped to physical address: 0x158065
virual address of : 0xC003F000 mapped to physical address: 0x159065
virual address of : 0xC0040000 mapped to physical address: 0x15A065
virual address of : 0xC0041000 mapped to physical address: 0x15B065
virual address of : 0xC0042000 mapped to physical address: 0x15C065
virual address of : 0xC0043000 mapped to physical address: 0x15D065
virual address of : 0xC0044000 mapped to physical address: 0x15E065
virual address of : 0xC0045000 mapped to physical address: 0x15F065
virual address of : 0xC0046000 mapped to physical address: 0x160065
virual address of : 0xC0047000 mapped to physical address: 0x161065
virual address of : 0xC0048000 mapped to physical address: 0x162065
virual address of : 0xC0049000 mapped to physical address: 0x163065
virual address of : 0xC004A000 mapped to physical address: 0x164065
virual address of : 0xC004B000 mapped to physical address: 0x165065
virual address of : 0xC004C000 mapped to physical address: 0x166065
virual address of : 0xC004D000 mapped to physical address: 0x167065
virual address of : 0xC004E000 mapped to physical address: 0x168065
virual address of : 0xC004F000 mapped to physical address: 0x169065
virual address of : 0xC0050000 mapped to physical address: 0x16A065
virual address of : 0xC0051000 mapped to physical address: 0x16B065
virual address of : 0xC0052000 mapped to physical address: 0x16C065
virual address of : 0xC0053000 mapped to physical address: 0x16D065
virual address of : 0xC0054000 mapped to physical address: 0x16E065
virual address of : 0xC0055000 mapped to physical address: 0x16F065
virual address of : 0xC0056000 mapped to physical address: 0x170065
virual address of : 0xC0057000 mapped to physical address: 0x171065
virual address of : 0xC0058000 mapped to physical address: 0x172065
virual address of : 0xC0059000 mapped to physical address: 0x173065
virual address of : 0xC005A000 mapped to physical address: 0x174065
virual address of : 0xC005B000 mapped to physical address: 0x175065
virual address of : 0xC005C000 mapped to physical address: 0x176065
virual address of : 0xC005D000 mapped to physical address: 0x177065
virual address of : 0xC005E000 mapped to physical address: 0x178065
virual address of : 0xC005F000 mapped to physical address: 0x179065
virual address of : 0xC0060000 mapped to physical address: 0x17A065
virual address of : 0xC0061000 mapped to physical address: 0x17B065
virual address of : 0xC0062000 mapped to physical address: 0x17C065
virual address of : 0xC0063000 mapped to physical address: 0x17D065
virual address of : 0xC0064000 mapped to physical address: 0x17E065
virual address of : 0xC0065000 mapped to physical address: 0x17F065
virual address of : 0xC0066000 mapped to physical address: 0x180065
virual address of : 0xC0067000 mapped to physical address: 0x181065
virual address of : 0xC0068000 mapped to physical address: 0x182065
virual address of : 0xC0069000 mapped to physical address: 0x183065
virual address of : 0xC006A000 mapped to physical address: 0x184065
virual address of : 0xC006B000 mapped to physical address: 0x185065
virual address of : 0xC006C000 mapped to physical address: 0x186065
virual address of : 0xC006D000 mapped to physical address: 0x187065
virual address of : 0xC006E000 mapped to physical address: 0x188065
virual address of : 0xC006F000 mapped to physical address: 0x189065
virual address of : 0xC0070000 mapped to physical address: 0x18A065
virual address of : 0xC0071000 mapped to physical address: 0x18B065
virual address of : 0xC0072000 mapped to physical address: 0x18C065
virual address of : 0xC0073000 mapped to physical address: 0x18D065
virual address of : 0xC0074000 mapped to physical address: 0x18E065
virual address of : 0xC0075000 mapped to physical address: 0x18F065
virual address of : 0xC0076000 mapped to physical address: 0x190065
virual address of : 0xC0077000 mapped to physical address: 0x191065
virual address of : 0xC0078000 mapped to physical address: 0x192065
virual address of : 0xC0079000 mapped to physical address: 0x193065
virual address of : 0xC007A000 mapped to physical address: 0x194065
virual address of : 0xC007B000 mapped to physical address: 0x195065
virual address of : 0xC007C000 mapped to physical address: 0x196065
virual address of : 0xC007D000 mapped to physical address: 0x197065
virual address of : 0xC007E000 mapped to physical address: 0x198065
virual address of : 0xC007F000 mapped to physical address: 0x199065
virual address of : 0xC0080000 mapped to physical address: 0x19A065
virual address of : 0xC0081000 mapped to physical address: 0x19B065
virual address of : 0xC0082000 mapped to physical address: 0x19C065
virual address of : 0xC0083000 mapped to physical address: 0x19D065
virual address of : 0xC0084000 mapped to physical address: 0x19E065
virual address of : 0xC0085000 mapped to physical address: 0x19F065
virual address of : 0xC0086000 mapped to physical address: 0x1A0065
virual address of : 0xC0087000 mapped to physical address: 0x1A1065
virual address of : 0xC0088000 mapped to physical address: 0x1A2005
virual address of : 0xC0089000 mapped to physical address: 0x1A3005
virual address of : 0xC008A000 mapped to physical address: 0x1A4005
virual address of : 0xC008B000 mapped to physical address: 0x1A5005
virual address of : 0xC008C000 mapped to physical address: 0x1A6005
virual address of : 0xC008D000 mapped to physical address: 0x1A7005
virual address of : 0xC008E000 mapped to physical address: 0x1A8005
virual address of : 0xC008F000 mapped to physical address: 0x1A9005
virual address of : 0xC0090000 mapped to physical address: 0x1AA005
virual address of : 0xC0091000 mapped to physical address: 0x1AB005
virual address of : 0xC0092000 mapped to physical address: 0x1AC005
virual address of : 0xC0093000 mapped to physical address: 0x1AD005
virual address of : 0xC0094000 mapped to physical address: 0x1AE005
virual address of : 0xC0095000 mapped to physical address: 0x1AF005
virual address of : 0xC0096000 mapped to physical address: 0x1B0005
virual address of : 0xC0097000 mapped to physical address: 0x1B1005
virual address of : 0xC0098000 mapped to physical address: 0x1B2005
virual address of : 0xC0099000 mapped to physical address: 0x1B3005
virual address of : 0xC009A000 mapped to physical address: 0x1B4005
virual address of : 0xC009B000 mapped to physical address: 0x1B5005
virual address of : 0xC009C000 mapped to physical address: 0x1B6005
virual address of : 0xC009D000 mapped to physical address: 0x1B7005
virual address of : 0xC009E000 mapped to physical address: 0x1B8005
virual address of : 0xC009F000 mapped to physical address: 0x1B9005
virual address of : 0xC00A0000 mapped to physical address: 0x1BA005
virual address of : 0xC00A1000 mapped to physical address: 0x1BB005
virual address of : 0xC00A2000 mapped to physical address: 0x1BC005
virual address of : 0xC00A3000 mapped to physical address: 0x1BD005
virual address of : 0xC00A4000 mapped to physical address: 0x1BE005
virual address of : 0xC00A5000 mapped to physical address: 0x1BF005
virual address of : 0xC00A6000 mapped to physical address: 0x1C0005
virual address of : 0xC00A7000 mapped to physical address: 0x1C1005
virual address of : 0xC00A8000 mapped to physical address: 0x1C2005
virual address of : 0xC00A9000 mapped to physical address: 0x1C3005
virual address of : 0xC00AA000 mapped to physical address: 0x1C4005
virual address of : 0xC00AB000 mapped to physical address: 0x1C5005
virual address of : 0xC00AC000 mapped to physical address: 0x1C6005
virual address of : 0xC00AD000 mapped to physical address: 0x1C7005
virual address of : 0xC00AE000 mapped to physical address: 0x1C8005
virual address of : 0xC00AF000 mapped to physical address: 0x1C9005
virual address of : 0xC00B0000 mapped to physical address: 0x1CA005
virual address of : 0xC00B1000 mapped to physical address: 0x1CB005
virual address of : 0xC00B2000 mapped to physical address: 0x1CC005
virual address of : 0xC00B3000 mapped to physical address: 0x1CD005
virual address of : 0xC00B4000 mapped to physical address: 0x1CE005
virual address of : 0xC00B5000 mapped to physical address: 0x1CF005
virual address of : 0xC00B6000 mapped to physical address: 0x1D0005
virual address of : 0xC00B7000 mapped to physical address: 0x1D1005
virual address of : 0xC00B8000 mapped to physical address: 0x1D2005
virual address of : 0xC00B9000 mapped to physical address: 0x1D3005
virual address of : 0xC00BA000 mapped to physical address: 0x1D4005
virual address of : 0xC00BB000 mapped to physical address: 0x1D5005
virual address of : 0xC00BC000 mapped to physical address: 0x1D6005
virual address of : 0xC00BD000 mapped to physical address: 0x1D7005
virual address of : 0xC00BE000 mapped to physical address: 0x1D8005
virual address of : 0xC00BF000 mapped to physical address: 0x1D9005
virual address of : 0xC00C0000 mapped to physical address: 0x1DA005
virual address of : 0xC00C1000 mapped to physical address: 0x1DB005
virual address of : 0xC00C2000 mapped to physical address: 0x1DC005
virual address of : 0xC00C3000 mapped to physical address: 0x1DD005
virual address of : 0xC00C4000 mapped to physical address: 0x1DE005
virual address of : 0xC00C5000 mapped to physical address: 0x1DF005
virual address of : 0xC00C6000 mapped to physical address: 0x1E0005
virual address of : 0xC00C7000 mapped to physical address: 0x1E1005
virual address of : 0xC00C8000 mapped to physical address: 0x1E2005
virual address of : 0xC00C9000 mapped to physical address: 0x1E3005
virual address of : 0xC00CA000 mapped to physical address: 0x1E4005
virual address of : 0xC00CB000 mapped to physical address: 0x1E5005
virual address of : 0xC00CC000 mapped to physical address: 0x1E6005
virual address of : 0xC00CD000 mapped to physical address: 0x1E7005
virual address of : 0xC00CE000 mapped to physical address: 0x1E8005
virual address of : 0xC00CF000 mapped to physical address: 0x1E9005
virual address of : 0xC00D0000 mapped to physical address: 0x1EA005
virual address of : 0xC00D1000 mapped to physical address: 0x1EB005
virual address of : 0xC00D2000 mapped to physical address: 0x1EC005
virual address of : 0xC00D3000 mapped to physical address: 0x1ED005
virual address of : 0xC00D4000 mapped to physical address: 0x1EE005
virual address of : 0xC00D5000 mapped to physical address: 0x1EF005
virual address of : 0xC00D6000 mapped to physical address: 0x1F0005
virual address of : 0xC00D7000 mapped to physical address: 0x1F1005
virual address of : 0xC00D8000 mapped to physical address: 0x1F2005
virual address of : 0xC00D9000 mapped to physical address: 0x1F3005
virual address of : 0xC00DA000 mapped to physical address: 0x1F4005
virual address of : 0xC00DB000 mapped to physical address: 0x1F5005
virual address of : 0xC00DC000 mapped to physical address: 0x1F6005
virual address of : 0xC00DD000 mapped to physical address: 0x1F7005
virual address of : 0xC00DE000 mapped to physical address: 0x1F8005
virual address of : 0xC00DF000 mapped to physical address: 0x1F9005
virual address of : 0xC00E0000 mapped to physical address: 0x1FA005
virual address of : 0xC00E1000 mapped to physical address: 0x1FB005
virual address of : 0xC00E2000 mapped to physical address: 0x1FC005
virual address of : 0xC00E3000 mapped to physical address: 0x1FD005
virual address of : 0xC00E4000 mapped to physical address: 0x1FE005
virual address of : 0xC00E5000 mapped to physical address: 0x1FF005
virual address of : 0xC00E6000 mapped to physical address: 0x200005
virual address of : 0xC00E7000 mapped to physical address: 0x201005
virual address of : 0xC00E8000 mapped to physical address: 0x202005
virual address of : 0xC00E9000 mapped to physical address: 0x203005
virual address of : 0xC00EA000 mapped to physical address: 0x204005
virual address of : 0xC00EB000 mapped to physical address: 0x205005
virual address of : 0xC00EC000 mapped to physical address: 0x206005
virual address of : 0xC00ED000 mapped to physical address: 0x207005
virual address of : 0xC00EE000 mapped to physical address: 0x208005
virual address of : 0xC00EF000 mapped to physical address: 0x209005
virual address of : 0xC00F0000 mapped to physical address: 0x20A005
virual address of : 0xC00F1000 mapped to physical address: 0x20B005
virual address of : 0xC00F2000 mapped to physical address: 0x20C005
virual address of : 0xC00F3000 mapped to physical address: 0x20D005
virual address of : 0xC00F4000 mapped to physical address: 0x20E005
virual address of : 0xC00F5000 mapped to physical address: 0x20F005
virual address of : 0xC00F6000 mapped to physical address: 0x210005
virual address of : 0xC00F7000 mapped to physical address: 0x211005
virual address of : 0xC00F8000 mapped to physical address: 0x212005
virual address of : 0xC00F9000 mapped to physical address: 0x213005
virual address of : 0xC00FA000 mapped to physical address: 0x214005
virual address of : 0xC00FB000 mapped to physical address: 0x215005
virual address of : 0xC00FC000 mapped to physical address: 0x216005
virual address of : 0xC00FD000 mapped to physical address: 0x217005
virual address of : 0xC00FE000 mapped to physical address: 0x218005
virual address of : 0xC00FF000 mapped to physical address: 0x219065
virual address of : 0xC0100000 mapped to physical address: 0x21A005
virual address of : 0xDFC00000 table virtual address: 0xC0081DFC table physical address: 0x1A0007
#########################
virual address of : 0xDFFFC000 mapped to physical address: 0x21F007
virual address of : 0xDFFFD000 mapped to physical address: 0x21E007
virual address of : 0xDFFFE000 mapped to physical address: 0x21D007
virual address of : 0xDFFFF000 mapped to physical address: 0x21C007
virual address of : 0xE0000000 table virtual address: 0xC0081E00 table physical address: 0x19E007
#########################
virual address of : 0xE0000000 mapped to physical address: 0x21B007
Print current_directory: after reload current_directory
Page directory: 0x19C000
virual address of : 0x0 table virtual address: 0xC0081000 table physical address: 0x118027
#########################
virual address of : 0x0 mapped to physical address: 0x5
virual address of : 0x1000 mapped to physical address: 0x1005
virual address of : 0x2000 mapped to physical address: 0x2005
virual address of : 0x3000 mapped to physical address: 0x3005
virual address of : 0x4000 mapped to physical address: 0x4005
virual address of : 0x5000 mapped to physical address: 0x5005
virual address of : 0x6000 mapped to physical address: 0x6005
virual address of : 0x7000 mapped to physical address: 0x7005
virual address of : 0x8000 mapped to physical address: 0x8005
virual address of : 0x9000 mapped to physical address: 0x9005
virual address of : 0xA000 mapped to physical address: 0xA005
virual address of : 0xB000 mapped to physical address: 0xB005
virual address of : 0xC000 mapped to physical address: 0xC005
virual address of : 0xD000 mapped to physical address: 0xD005
virual address of : 0xE000 mapped to physical address: 0xE005
virual address of : 0xF000 mapped to physical address: 0xF005
virual address of : 0x10000 mapped to physical address: 0x10005
virual address of : 0x11000 mapped to physical address: 0x11005
virual address of : 0x12000 mapped to physical address: 0x12005
virual address of : 0x13000 mapped to physical address: 0x13005
virual address of : 0x14000 mapped to physical address: 0x14005
virual address of : 0x15000 mapped to physical address: 0x15005
virual address of : 0x16000 mapped to physical address: 0x16005
virual address of : 0x17000 mapped to physical address: 0x17005
virual address of : 0x18000 mapped to physical address: 0x18005
virual address of : 0x19000 mapped to physical address: 0x19005
virual address of : 0x1A000 mapped to physical address: 0x1A005
virual address of : 0x1B000 mapped to physical address: 0x1B005
virual address of : 0x1C000 mapped to physical address: 0x1C005
virual address of : 0x1D000 mapped to physical address: 0x1D005
virual address of : 0x1E000 mapped to physical address: 0x1E005
virual address of : 0x1F000 mapped to physical address: 0x1F005
virual address of : 0x20000 mapped to physical address: 0x20005
virual address of : 0x21000 mapped to physical address: 0x21005
virual address of : 0x22000 mapped to physical address: 0x22005
virual address of : 0x23000 mapped to physical address: 0x23005
virual address of : 0x24000 mapped to physical address: 0x24005
virual address of : 0x25000 mapped to physical address: 0x25005
virual address of : 0x26000 mapped to physical address: 0x26005
virual address of : 0x27000 mapped to physical address: 0x27005
virual address of : 0x28000 mapped to physical address: 0x28005
virual address of : 0x29000 mapped to physical address: 0x29005
virual address of : 0x2A000 mapped to physical address: 0x2A005
virual address of : 0x2B000 mapped to physical address: 0x2B005
virual address of : 0x2C000 mapped to physical address: 0x2C005
virual address of : 0x2D000 mapped to physical address: 0x2D005
virual address of : 0x2E000 mapped to physical address: 0x2E005
virual address of : 0x2F000 mapped to physical address: 0x2F005
virual address of : 0x30000 mapped to physical address: 0x30005
virual address of : 0x31000 mapped to physical address: 0x31005
virual address of : 0x32000 mapped to physical address: 0x32005
virual address of : 0x33000 mapped to physical address: 0x33005
virual address of : 0x34000 mapped to physical address: 0x34005
virual address of : 0x35000 mapped to physical address: 0x35005
virual address of : 0x36000 mapped to physical address: 0x36005
virual address of : 0x37000 mapped to physical address: 0x37005
virual address of : 0x38000 mapped to physical address: 0x38005
virual address of : 0x39000 mapped to physical address: 0x39005
virual address of : 0x3A000 mapped to physical address: 0x3A005
virual address of : 0x3B000 mapped to physical address: 0x3B005
virual address of : 0x3C000 mapped to physical address: 0x3C005
virual address of : 0x3D000 mapped to physical address: 0x3D005
virual address of : 0x3E000 mapped to physical address: 0x3E005
virual address of : 0x3F000 mapped to physical address: 0x3F005
virual address of : 0x40000 mapped to physical address: 0x40005
virual address of : 0x41000 mapped to physical address: 0x41005
virual address of : 0x42000 mapped to physical address: 0x42005
virual address of : 0x43000 mapped to physical address: 0x43005
virual address of : 0x44000 mapped to physical address: 0x44005
virual address of : 0x45000 mapped to physical address: 0x45005
virual address of : 0x46000 mapped to physical address: 0x46005
virual address of : 0x47000 mapped to physical address: 0x47005
virual address of : 0x48000 mapped to physical address: 0x48005
virual address of : 0x49000 mapped to physical address: 0x49005
virual address of : 0x4A000 mapped to physical address: 0x4A005
virual address of : 0x4B000 mapped to physical address: 0x4B005
virual address of : 0x4C000 mapped to physical address: 0x4C005
virual address of : 0x4D000 mapped to physical address: 0x4D005
virual address of : 0x4E000 mapped to physical address: 0x4E005
virual address of : 0x4F000 mapped to physical address: 0x4F005
virual address of : 0x50000 mapped to physical address: 0x50005
virual address of : 0x51000 mapped to physical address: 0x51005
virual address of : 0x52000 mapped to physical address: 0x52005
virual address of : 0x53000 mapped to physical address: 0x53005
virual address of : 0x54000 mapped to physical address: 0x54005
virual address of : 0x55000 mapped to physical address: 0x55005
virual address of : 0x56000 mapped to physical address: 0x56005
virual address of : 0x57000 mapped to physical address: 0x57005
virual address of : 0x58000 mapped to physical address: 0x58005
virual address of : 0x59000 mapped to physical address: 0x59005
virual address of : 0x5A000 mapped to physical address: 0x5A005
virual address of : 0x5B000 mapped to physical address: 0x5B005
virual address of : 0x5C000 mapped to physical address: 0x5C005
virual address of : 0x5D000 mapped to physical address: 0x5D005
virual address of : 0x5E000 mapped to physical address: 0x5E005
virual address of : 0x5F000 mapped to physical address: 0x5F005
virual address of : 0x60000 mapped to physical address: 0x60005
virual address of : 0x61000 mapped to physical address: 0x61005
virual address of : 0x62000 mapped to physical address: 0x62005
virual address of : 0x63000 mapped to physical address: 0x63005
virual address of : 0x64000 mapped to physical address: 0x64005
virual address of : 0x65000 mapped to physical address: 0x65005
virual address of : 0x66000 mapped to physical address: 0x66005
virual address of : 0x67000 mapped to physical address: 0x67005
virual address of : 0x68000 mapped to physical address: 0x68005
virual address of : 0x69000 mapped to physical address: 0x69005
virual address of : 0x6A000 mapped to physical address: 0x6A005
virual address of : 0x6B000 mapped to physical address: 0x6B005
virual address of : 0x6C000 mapped to physical address: 0x6C005
virual address of : 0x6D000 mapped to physical address: 0x6D005
virual address of : 0x6E000 mapped to physical address: 0x6E005
virual address of : 0x6F000 mapped to physical address: 0x6F005
virual address of : 0x70000 mapped to physical address: 0x70005
virual address of : 0x71000 mapped to physical address: 0x71005
virual address of : 0x72000 mapped to physical address: 0x72005
virual address of : 0x73000 mapped to physical address: 0x73005
virual address of : 0x74000 mapped to physical address: 0x74005
virual address of : 0x75000 mapped to physical address: 0x75005
virual address of : 0x76000 mapped to physical address: 0x76005
virual address of : 0x77000 mapped to physical address: 0x77005
virual address of : 0x78000 mapped to physical address: 0x78005
virual address of : 0x79000 mapped to physical address: 0x79005
virual address of : 0x7A000 mapped to physical address: 0x7A005
virual address of : 0x7B000 mapped to physical address: 0x7B005
virual address of : 0x7C000 mapped to physical address: 0x7C005
virual address of : 0x7D000 mapped to physical address: 0x7D005
virual address of : 0x7E000 mapped to physical address: 0x7E005
virual address of : 0x7F000 mapped to physical address: 0x7F065
virual address of : 0x80000 mapped to physical address: 0x80005
virual address of : 0x81000 mapped to physical address: 0x81005
virual address of : 0x82000 mapped to physical address: 0x82005
virual address of : 0x83000 mapped to physical address: 0x83005
virual address of : 0x84000 mapped to physical address: 0x84005
virual address of : 0x85000 mapped to physical address: 0x85005
virual address of : 0x86000 mapped to physical address: 0x86005
virual address of : 0x87000 mapped to physical address: 0x87005
virual address of : 0x88000 mapped to physical address: 0x88005
virual address of : 0x89000 mapped to physical address: 0x89005
virual address of : 0x8A000 mapped to physical address: 0x8A005
virual address of : 0x8B000 mapped to physical address: 0x8B005
virual address of : 0x8C000 mapped to physical address: 0x8C005
virual address of : 0x8D000 mapped to physical address: 0x8D005
virual address of : 0x8E000 mapped to physical address: 0x8E005
virual address of : 0x8F000 mapped to physical address: 0x8F005
virual address of : 0x90000 mapped to physical address: 0x90005
virual address of : 0x91000 mapped to physical address: 0x91005
virual address of : 0x92000 mapped to physical address: 0x92005
virual address of : 0x93000 mapped to physical address: 0x93005
virual address of : 0x94000 mapped to physical address: 0x94005
virual address of : 0x95000 mapped to physical address: 0x95005
virual address of : 0x96000 mapped to physical address: 0x96005
virual address of : 0x97000 mapped to physical address: 0x97005
virual address of : 0x98000 mapped to physical address: 0x98005
virual address of : 0x99000 mapped to physical address: 0x99005
virual address of : 0x9A000 mapped to physical address: 0x9A005
virual address of : 0x9B000 mapped to physical address: 0x9B005
virual address of : 0x9C000 mapped to physical address: 0x9C005
virual address of : 0x9D000 mapped to physical address: 0x9D005
virual address of : 0x9E000 mapped to physical address: 0x9E005
virual address of : 0x9F000 mapped to physical address: 0x9F005
virual address of : 0xA0000 mapped to physical address: 0xA0005
virual address of : 0xA1000 mapped to physical address: 0xA1005
virual address of : 0xA2000 mapped to physical address: 0xA2005
virual address of : 0xA3000 mapped to physical address: 0xA3005
virual address of : 0xA4000 mapped to physical address: 0xA4005
virual address of : 0xA5000 mapped to physical address: 0xA5005
virual address of : 0xA6000 mapped to physical address: 0xA6005
virual address of : 0xA7000 mapped to physical address: 0xA7005
virual address of : 0xA8000 mapped to physical address: 0xA8005
virual address of : 0xA9000 mapped to physical address: 0xA9005
virual address of : 0xAA000 mapped to physical address: 0xAA005
virual address of : 0xAB000 mapped to physical address: 0xAB005
virual address of : 0xAC000 mapped to physical address: 0xAC005
virual address of : 0xAD000 mapped to physical address: 0xAD005
virual address of : 0xAE000 mapped to physical address: 0xAE005
virual address of : 0xAF000 mapped to physical address: 0xAF005
virual address of : 0xB0000 mapped to physical address: 0xB0005
virual address of : 0xB1000 mapped to physical address: 0xB1005
virual address of : 0xB2000 mapped to physical address: 0xB2005
virual address of : 0xB3000 mapped to physical address: 0xB3005
virual address of : 0xB4000 mapped to physical address: 0xB4005
virual address of : 0xB5000 mapped to physical address: 0xB5005
virual address of : 0xB6000 mapped to physical address: 0xB6005
virual address of : 0xB7000 mapped to physical address: 0xB7005
virual address of : 0xB8000 mapped to physical address: 0xB8065
virual address of : 0xB9000 mapped to physical address: 0xB9025
virual address of : 0xBA000 mapped to physical address: 0xBA005
virual address of : 0xBB000 mapped to physical address: 0xBB005
virual address of : 0xBC000 mapped to physical address: 0xBC005
virual address of : 0xBD000 mapped to physical address: 0xBD005
virual address of : 0xBE000 mapped to physical address: 0xBE005
virual address of : 0xBF000 mapped to physical address: 0xBF005
virual address of : 0xC0000 mapped to physical address: 0xC0005
virual address of : 0xC1000 mapped to physical address: 0xC1005
virual address of : 0xC2000 mapped to physical address: 0xC2005
virual address of : 0xC3000 mapped to physical address: 0xC3005
virual address of : 0xC4000 mapped to physical address: 0xC4005
virual address of : 0xC5000 mapped to physical address: 0xC5005
virual address of : 0xC6000 mapped to physical address: 0xC6005
virual address of : 0xC7000 mapped to physical address: 0xC7005
virual address of : 0xC8000 mapped to physical address: 0xC8005
virual address of : 0xC9000 mapped to physical address: 0xC9005
virual address of : 0xCA000 mapped to physical address: 0xCA005
virual address of : 0xCB000 mapped to physical address: 0xCB005
virual address of : 0xCC000 mapped to physical address: 0xCC005
virual address of : 0xCD000 mapped to physical address: 0xCD005
virual address of : 0xCE000 mapped to physical address: 0xCE005
virual address of : 0xCF000 mapped to physical address: 0xCF005
virual address of : 0xD0000 mapped to physical address: 0xD0005
virual address of : 0xD1000 mapped to physical address: 0xD1005
virual address of : 0xD2000 mapped to physical address: 0xD2005
virual address of : 0xD3000 mapped to physical address: 0xD3005
virual address of : 0xD4000 mapped to physical address: 0xD4005
virual address of : 0xD5000 mapped to physical address: 0xD5005
virual address of : 0xD6000 mapped to physical address: 0xD6005
virual address of : 0xD7000 mapped to physical address: 0xD7005
virual address of : 0xD8000 mapped to physical address: 0xD8005
virual address of : 0xD9000 mapped to physical address: 0xD9005
virual address of : 0xDA000 mapped to physical address: 0xDA005
virual address of : 0xDB000 mapped to physical address: 0xDB005
virual address of : 0xDC000 mapped to physical address: 0xDC005
virual address of : 0xDD000 mapped to physical address: 0xDD005
virual address of : 0xDE000 mapped to physical address: 0xDE005
virual address of : 0xDF000 mapped to physical address: 0xDF005
virual address of : 0xE0000 mapped to physical address: 0xE0005
virual address of : 0xE1000 mapped to physical address: 0xE1005
virual address of : 0xE2000 mapped to physical address: 0xE2005
virual address of : 0xE3000 mapped to physical address: 0xE3005
virual address of : 0xE4000 mapped to physical address: 0xE4005
virual address of : 0xE5000 mapped to physical address: 0xE5005
virual address of : 0xE6000 mapped to physical address: 0xE6005
virual address of : 0xE7000 mapped to physical address: 0xE7005
virual address of : 0xE8000 mapped to physical address: 0xE8005
virual address of : 0xE9000 mapped to physical address: 0xE9005
virual address of : 0xEA000 mapped to physical address: 0xEA005
virual address of : 0xEB000 mapped to physical address: 0xEB005
virual address of : 0xEC000 mapped to physical address: 0xEC005
virual address of : 0xED000 mapped to physical address: 0xED005
virual address of : 0xEE000 mapped to physical address: 0xEE005
virual address of : 0xEF000 mapped to physical address: 0xEF005
virual address of : 0xF0000 mapped to physical address: 0xF0005
virual address of : 0xF1000 mapped to physical address: 0xF1005
virual address of : 0xF2000 mapped to physical address: 0xF2005
virual address of : 0xF3000 mapped to physical address: 0xF3005
virual address of : 0xF4000 mapped to physical address: 0xF4005
virual address of : 0xF5000 mapped to physical address: 0xF5005
virual address of : 0xF6000 mapped to physical address: 0xF6005
virual address of : 0xF7000 mapped to physical address: 0xF7005
virual address of : 0xF8000 mapped to physical address: 0xF8005
virual address of : 0xF9000 mapped to physical address: 0xF9005
virual address of : 0xFA000 mapped to physical address: 0xFA005
virual address of : 0xFB000 mapped to physical address: 0xFB005
virual address of : 0xFC000 mapped to physical address: 0xFC005
virual address of : 0xFD000 mapped to physical address: 0xFD005
virual address of : 0xFE000 mapped to physical address: 0xFE005
virual address of : 0xFF000 mapped to physical address: 0xFF005
virual address of : 0x100000 mapped to physical address: 0x100025
virual address of : 0x101000 mapped to physical address: 0x101025
virual address of : 0x102000 mapped to physical address: 0x102025
virual address of : 0x103000 mapped to physical address: 0x103025
virual address of : 0x104000 mapped to physical address: 0x104025
virual address of : 0x105000 mapped to physical address: 0x105025
virual address of : 0x106000 mapped to physical address: 0x106005
virual address of : 0x107000 mapped to physical address: 0x107065
virual address of : 0x108000 mapped to physical address: 0x108065
virual address of : 0x109000 mapped to physical address: 0x109005
virual address of : 0x10A000 mapped to physical address: 0x10A005
virual address of : 0x10B000 mapped to physical address: 0x10B005
virual address of : 0x10C000 mapped to physical address: 0x10C005
virual address of : 0x10D000 mapped to physical address: 0x10D005
virual address of : 0x10E000 mapped to physical address: 0x10E005
virual address of : 0x10F000 mapped to physical address: 0x10F005
virual address of : 0x110000 mapped to physical address: 0x110005
virual address of : 0x111000 mapped to physical address: 0x111005
virual address of : 0x112000 mapped to physical address: 0x112005
virual address of : 0x113000 mapped to physical address: 0x113065
virual address of : 0x114000 mapped to physical address: 0x114025
virual address of : 0x115000 mapped to physical address: 0x115025
virual address of : 0x116000 mapped to physical address: 0x116005
virual address of : 0x117000 mapped to physical address: 0x117025
virual address of : 0x118000 mapped to physical address: 0x118025
virual address of : 0x119000 mapped to physical address: 0x119065
virual address of : 0xC0000000 table virtual address: 0xC0081C00 table physical address: 0x117027
#########################
virual address of : 0xC0000000 mapped to physical address: 0x11A065
virual address of : 0xC0001000 mapped to physical address: 0x11B065
virual address of : 0xC0002000 mapped to physical address: 0x11C065
virual address of : 0xC0003000 mapped to physical address: 0x11D065
virual address of : 0xC0004000 mapped to physical address: 0x11E065
virual address of : 0xC0005000 mapped to physical address: 0x11F065
virual address of : 0xC0006000 mapped to physical address: 0x120065
virual address of : 0xC0007000 mapped to physical address: 0x121065
virual address of : 0xC0008000 mapped to physical address: 0x122065
virual address of : 0xC0009000 mapped to physical address: 0x123065
virual address of : 0xC000A000 mapped to physical address: 0x124065
virual address of : 0xC000B000 mapped to physical address: 0x125065
virual address of : 0xC000C000 mapped to physical address: 0x126065
virual address of : 0xC000D000 mapped to physical address: 0x127065
virual address of : 0xC000E000 mapped to physical address: 0x128065
virual address of : 0xC000F000 mapped to physical address: 0x129065
virual address of : 0xC0010000 mapped to physical address: 0x12A065
virual address of : 0xC0011000 mapped to physical address: 0x12B065
virual address of : 0xC0012000 mapped to physical address: 0x12C065
virual address of : 0xC0013000 mapped to physical address: 0x12D065
virual address of : 0xC0014000 mapped to physical address: 0x12E065
virual address of : 0xC0015000 mapped to physical address: 0x12F065
virual address of : 0xC0016000 mapped to physical address: 0x130065
virual address of : 0xC0017000 mapped to physical address: 0x131065
virual address of : 0xC0018000 mapped to physical address: 0x132065
virual address of : 0xC0019000 mapped to physical address: 0x133065
virual address of : 0xC001A000 mapped to physical address: 0x134065
virual address of : 0xC001B000 mapped to physical address: 0x135065
virual address of : 0xC001C000 mapped to physical address: 0x136065
virual address of : 0xC001D000 mapped to physical address: 0x137065
virual address of : 0xC001E000 mapped to physical address: 0x138065
virual address of : 0xC001F000 mapped to physical address: 0x139065
virual address of : 0xC0020000 mapped to physical address: 0x13A065
virual address of : 0xC0021000 mapped to physical address: 0x13B065
virual address of : 0xC0022000 mapped to physical address: 0x13C065
virual address of : 0xC0023000 mapped to physical address: 0x13D065
virual address of : 0xC0024000 mapped to physical address: 0x13E065
virual address of : 0xC0025000 mapped to physical address: 0x13F065
virual address of : 0xC0026000 mapped to physical address: 0x140065
virual address of : 0xC0027000 mapped to physical address: 0x141065
virual address of : 0xC0028000 mapped to physical address: 0x142065
virual address of : 0xC0029000 mapped to physical address: 0x143065
virual address of : 0xC002A000 mapped to physical address: 0x144065
virual address of : 0xC002B000 mapped to physical address: 0x145065
virual address of : 0xC002C000 mapped to physical address: 0x146065
virual address of : 0xC002D000 mapped to physical address: 0x147065
virual address of : 0xC002E000 mapped to physical address: 0x148065
virual address of : 0xC002F000 mapped to physical address: 0x149065
virual address of : 0xC0030000 mapped to physical address: 0x14A065
virual address of : 0xC0031000 mapped to physical address: 0x14B065
virual address of : 0xC0032000 mapped to physical address: 0x14C065
virual address of : 0xC0033000 mapped to physical address: 0x14D065
virual address of : 0xC0034000 mapped to physical address: 0x14E065
virual address of : 0xC0035000 mapped to physical address: 0x14F065
virual address of : 0xC0036000 mapped to physical address: 0x150065
virual address of : 0xC0037000 mapped to physical address: 0x151065
virual address of : 0xC0038000 mapped to physical address: 0x152065
virual address of : 0xC0039000 mapped to physical address: 0x153065
virual address of : 0xC003A000 mapped to physical address: 0x154065
virual address of : 0xC003B000 mapped to physical address: 0x155065
virual address of : 0xC003C000 mapped to physical address: 0x156065
virual address of : 0xC003D000 mapped to physical address: 0x157065
virual address of : 0xC003E000 mapped to physical address: 0x158065
virual address of : 0xC003F000 mapped to physical address: 0x159065
virual address of : 0xC0040000 mapped to physical address: 0x15A065
virual address of : 0xC0041000 mapped to physical address: 0x15B065
virual address of : 0xC0042000 mapped to physical address: 0x15C065
virual address of : 0xC0043000 mapped to physical address: 0x15D065
virual address of : 0xC0044000 mapped to physical address: 0x15E065
virual address of : 0xC0045000 mapped to physical address: 0x15F065
virual address of : 0xC0046000 mapped to physical address: 0x160065
virual address of : 0xC0047000 mapped to physical address: 0x161065
virual address of : 0xC0048000 mapped to physical address: 0x162065
virual address of : 0xC0049000 mapped to physical address: 0x163065
virual address of : 0xC004A000 mapped to physical address: 0x164065
virual address of : 0xC004B000 mapped to physical address: 0x165065
virual address of : 0xC004C000 mapped to physical address: 0x166065
virual address of : 0xC004D000 mapped to physical address: 0x167065
virual address of : 0xC004E000 mapped to physical address: 0x168065
virual address of : 0xC004F000 mapped to physical address: 0x169065
virual address of : 0xC0050000 mapped to physical address: 0x16A065
virual address of : 0xC0051000 mapped to physical address: 0x16B065
virual address of : 0xC0052000 mapped to physical address: 0x16C065
virual address of : 0xC0053000 mapped to physical address: 0x16D065
virual address of : 0xC0054000 mapped to physical address: 0x16E065
virual address of : 0xC0055000 mapped to physical address: 0x16F065
virual address of : 0xC0056000 mapped to physical address: 0x170065
virual address of : 0xC0057000 mapped to physical address: 0x171065
virual address of : 0xC0058000 mapped to physical address: 0x172065
virual address of : 0xC0059000 mapped to physical address: 0x173065
virual address of : 0xC005A000 mapped to physical address: 0x174065
virual address of : 0xC005B000 mapped to physical address: 0x175065
virual address of : 0xC005C000 mapped to physical address: 0x176065
virual address of : 0xC005D000 mapped to physical address: 0x177065
virual address of : 0xC005E000 mapped to physical address: 0x178065
virual address of : 0xC005F000 mapped to physical address: 0x179065
virual address of : 0xC0060000 mapped to physical address: 0x17A065
virual address of : 0xC0061000 mapped to physical address: 0x17B065
virual address of : 0xC0062000 mapped to physical address: 0x17C065
virual address of : 0xC0063000 mapped to physical address: 0x17D065
virual address of : 0xC0064000 mapped to physical address: 0x17E065
virual address of : 0xC0065000 mapped to physical address: 0x17F065
virual address of : 0xC0066000 mapped to physical address: 0x180065
virual address of : 0xC0067000 mapped to physical address: 0x181065
virual address of : 0xC0068000 mapped to physical address: 0x182065
virual address of : 0xC0069000 mapped to physical address: 0x183065
virual address of : 0xC006A000 mapped to physical address: 0x184065
virual address of : 0xC006B000 mapped to physical address: 0x185065
virual address of : 0xC006C000 mapped to physical address: 0x186065
virual address of : 0xC006D000 mapped to physical address: 0x187065
virual address of : 0xC006E000 mapped to physical address: 0x188065
virual address of : 0xC006F000 mapped to physical address: 0x189065
virual address of : 0xC0070000 mapped to physical address: 0x18A065
virual address of : 0xC0071000 mapped to physical address: 0x18B065
virual address of : 0xC0072000 mapped to physical address: 0x18C065
virual address of : 0xC0073000 mapped to physical address: 0x18D065
virual address of : 0xC0074000 mapped to physical address: 0x18E065
virual address of : 0xC0075000 mapped to physical address: 0x18F065
virual address of : 0xC0076000 mapped to physical address: 0x190065
virual address of : 0xC0077000 mapped to physical address: 0x191065
virual address of : 0xC0078000 mapped to physical address: 0x192065
virual address of : 0xC0079000 mapped to physical address: 0x193065
virual address of : 0xC007A000 mapped to physical address: 0x194065
virual address of : 0xC007B000 mapped to physical address: 0x195065
virual address of : 0xC007C000 mapped to physical address: 0x196065
virual address of : 0xC007D000 mapped to physical address: 0x197065
virual address of : 0xC007E000 mapped to physical address: 0x198065
virual address of : 0xC007F000 mapped to physical address: 0x199065
virual address of : 0xC0080000 mapped to physical address: 0x19A065
virual address of : 0xC0081000 mapped to physical address: 0x19B065
virual address of : 0xC0082000 mapped to physical address: 0x19C065
virual address of : 0xC0083000 mapped to physical address: 0x19D065
virual address of : 0xC0084000 mapped to physical address: 0x19E065
virual address of : 0xC0085000 mapped to physical address: 0x19F065
virual address of : 0xC0086000 mapped to physical address: 0x1A0065
virual address of : 0xC0087000 mapped to physical address: 0x1A1065
virual address of : 0xC0088000 mapped to physical address: 0x1A2005
virual address of : 0xC0089000 mapped to physical address: 0x1A3005
virual address of : 0xC008A000 mapped to physical address: 0x1A4005
virual address of : 0xC008B000 mapped to physical address: 0x1A5005
virual address of : 0xC008C000 mapped to physical address: 0x1A6005
virual address of : 0xC008D000 mapped to physical address: 0x1A7005
virual address of : 0xC008E000 mapped to physical address: 0x1A8005
virual address of : 0xC008F000 mapped to physical address: 0x1A9005
virual address of : 0xC0090000 mapped to physical address: 0x1AA005
virual address of : 0xC0091000 mapped to physical address: 0x1AB005
virual address of : 0xC0092000 mapped to physical address: 0x1AC005
virual address of : 0xC0093000 mapped to physical address: 0x1AD005
virual address of : 0xC0094000 mapped to physical address: 0x1AE005
virual address of : 0xC0095000 mapped to physical address: 0x1AF005
virual address of : 0xC0096000 mapped to physical address: 0x1B0005
virual address of : 0xC0097000 mapped to physical address: 0x1B1005
virual address of : 0xC0098000 mapped to physical address: 0x1B2005
virual address of : 0xC0099000 mapped to physical address: 0x1B3005
virual address of : 0xC009A000 mapped to physical address: 0x1B4005
virual address of : 0xC009B000 mapped to physical address: 0x1B5005
virual address of : 0xC009C000 mapped to physical address: 0x1B6005
virual address of : 0xC009D000 mapped to physical address: 0x1B7005
virual address of : 0xC009E000 mapped to physical address: 0x1B8005
virual address of : 0xC009F000 mapped to physical address: 0x1B9005
virual address of : 0xC00A0000 mapped to physical address: 0x1BA005
virual address of : 0xC00A1000 mapped to physical address: 0x1BB005
virual address of : 0xC00A2000 mapped to physical address: 0x1BC005
virual address of : 0xC00A3000 mapped to physical address: 0x1BD005
virual address of : 0xC00A4000 mapped to physical address: 0x1BE005
virual address of : 0xC00A5000 mapped to physical address: 0x1BF005
virual address of : 0xC00A6000 mapped to physical address: 0x1C0005
virual address of : 0xC00A7000 mapped to physical address: 0x1C1005
virual address of : 0xC00A8000 mapped to physical address: 0x1C2005
virual address of : 0xC00A9000 mapped to physical address: 0x1C3005
virual address of : 0xC00AA000 mapped to physical address: 0x1C4005
virual address of : 0xC00AB000 mapped to physical address: 0x1C5005
virual address of : 0xC00AC000 mapped to physical address: 0x1C6005
virual address of : 0xC00AD000 mapped to physical address: 0x1C7005
virual address of : 0xC00AE000 mapped to physical address: 0x1C8005
virual address of : 0xC00AF000 mapped to physical address: 0x1C9005
virual address of : 0xC00B0000 mapped to physical address: 0x1CA005
virual address of : 0xC00B1000 mapped to physical address: 0x1CB005
virual address of : 0xC00B2000 mapped to physical address: 0x1CC005
virual address of : 0xC00B3000 mapped to physical address: 0x1CD005
virual address of : 0xC00B4000 mapped to physical address: 0x1CE005
virual address of : 0xC00B5000 mapped to physical address: 0x1CF005
virual address of : 0xC00B6000 mapped to physical address: 0x1D0005
virual address of : 0xC00B7000 mapped to physical address: 0x1D1005
virual address of : 0xC00B8000 mapped to physical address: 0x1D2005
virual address of : 0xC00B9000 mapped to physical address: 0x1D3005
virual address of : 0xC00BA000 mapped to physical address: 0x1D4005
virual address of : 0xC00BB000 mapped to physical address: 0x1D5005
virual address of : 0xC00BC000 mapped to physical address: 0x1D6005
virual address of : 0xC00BD000 mapped to physical address: 0x1D7005
virual address of : 0xC00BE000 mapped to physical address: 0x1D8005
virual address of : 0xC00BF000 mapped to physical address: 0x1D9005
virual address of : 0xC00C0000 mapped to physical address: 0x1DA005
virual address of : 0xC00C1000 mapped to physical address: 0x1DB005
virual address of : 0xC00C2000 mapped to physical address: 0x1DC005
virual address of : 0xC00C3000 mapped to physical address: 0x1DD005
virual address of : 0xC00C4000 mapped to physical address: 0x1DE005
virual address of : 0xC00C5000 mapped to physical address: 0x1DF005
virual address of : 0xC00C6000 mapped to physical address: 0x1E0005
virual address of : 0xC00C7000 mapped to physical address: 0x1E1005
virual address of : 0xC00C8000 mapped to physical address: 0x1E2005
virual address of : 0xC00C9000 mapped to physical address: 0x1E3005
virual address of : 0xC00CA000 mapped to physical address: 0x1E4005
virual address of : 0xC00CB000 mapped to physical address: 0x1E5005
virual address of : 0xC00CC000 mapped to physical address: 0x1E6005
virual address of : 0xC00CD000 mapped to physical address: 0x1E7005
virual address of : 0xC00CE000 mapped to physical address: 0x1E8005
virual address of : 0xC00CF000 mapped to physical address: 0x1E9005
virual address of : 0xC00D0000 mapped to physical address: 0x1EA005
virual address of : 0xC00D1000 mapped to physical address: 0x1EB005
virual address of : 0xC00D2000 mapped to physical address: 0x1EC005
virual address of : 0xC00D3000 mapped to physical address: 0x1ED005
virual address of : 0xC00D4000 mapped to physical address: 0x1EE005
virual address of : 0xC00D5000 mapped to physical address: 0x1EF005
virual address of : 0xC00D6000 mapped to physical address: 0x1F0005
virual address of : 0xC00D7000 mapped to physical address: 0x1F1005
virual address of : 0xC00D8000 mapped to physical address: 0x1F2005
virual address of : 0xC00D9000 mapped to physical address: 0x1F3005
virual address of : 0xC00DA000 mapped to physical address: 0x1F4005
virual address of : 0xC00DB000 mapped to physical address: 0x1F5005
virual address of : 0xC00DC000 mapped to physical address: 0x1F6005
virual address of : 0xC00DD000 mapped to physical address: 0x1F7005
virual address of : 0xC00DE000 mapped to physical address: 0x1F8005
virual address of : 0xC00DF000 mapped to physical address: 0x1F9005
virual address of : 0xC00E0000 mapped to physical address: 0x1FA005
virual address of : 0xC00E1000 mapped to physical address: 0x1FB005
virual address of : 0xC00E2000 mapped to physical address: 0x1FC005
virual address of : 0xC00E3000 mapped to physical address: 0x1FD005
virual address of : 0xC00E4000 mapped to physical address: 0x1FE005
virual address of : 0xC00E5000 mapped to physical address: 0x1FF005
virual address of : 0xC00E6000 mapped to physical address: 0x200005
virual address of : 0xC00E7000 mapped to physical address: 0x201005
virual address of : 0xC00E8000 mapped to physical address: 0x202005
virual address of : 0xC00E9000 mapped to physical address: 0x203005
virual address of : 0xC00EA000 mapped to physical address: 0x204005
virual address of : 0xC00EB000 mapped to physical address: 0x205005
virual address of : 0xC00EC000 mapped to physical address: 0x206005
virual address of : 0xC00ED000 mapped to physical address: 0x207005
virual address of : 0xC00EE000 mapped to physical address: 0x208005
virual address of : 0xC00EF000 mapped to physical address: 0x209005
virual address of : 0xC00F0000 mapped to physical address: 0x20A005
virual address of : 0xC00F1000 mapped to physical address: 0x20B005
virual address of : 0xC00F2000 mapped to physical address: 0x20C005
virual address of : 0xC00F3000 mapped to physical address: 0x20D005
virual address of : 0xC00F4000 mapped to physical address: 0x20E005
virual address of : 0xC00F5000 mapped to physical address: 0x20F005
virual address of : 0xC00F6000 mapped to physical address: 0x210005
virual address of : 0xC00F7000 mapped to physical address: 0x211005
virual address of : 0xC00F8000 mapped to physical address: 0x212005
virual address of : 0xC00F9000 mapped to physical address: 0x213005
virual address of : 0xC00FA000 mapped to physical address: 0x214005
virual address of : 0xC00FB000 mapped to physical address: 0x215005
virual address of : 0xC00FC000 mapped to physical address: 0x216005
virual address of : 0xC00FD000 mapped to physical address: 0x217005
virual address of : 0xC00FE000 mapped to physical address: 0x218005
virual address of : 0xC00FF000 mapped to physical address: 0x219065
virual address of : 0xC0100000 mapped to physical address: 0x21A005
virual address of : 0xDFC00000 table virtual address: 0xC0081DFC table physical address: 0x1A0007
#########################
virual address of : 0xDFFFC000 mapped to physical address: 0x21F007
virual address of : 0xDFFFD000 mapped to physical address: 0x21E007
virual address of : 0xDFFFE000 mapped to physical address: 0x21D007
virual address of : 0xDFFFF000 mapped to physical address: 0x21C007
virual address of : 0xE0000000 table virtual address: 0xC0081E00 table physical address: 0x19E007
#########################
virual address of : 0xE0000000 mapped to physical address: 0x21B007
alloc on heap! virtual addr is: 0xC008000C
Task address: 0xC008000C
eip is : 0x1013CE
start to init initrd.
Location of initrd: 0x112000
alloc on heap! virtual addr is: 0xC0080038
alloc on heap! virtual addr is: 0xC0080104
alloc on heap! virtual addr is: 0xC00801D0
alloc on heap! virtual addr is: 0xC0088000
kernel_dir addr is: 0x114000
 Page content for address: 0xC0088000 is : 0x1A2005
Page frame for address: 0xC0088000 is : 0x1A2
Page addr&0xFFF for address: 0xC0088000 is : 0x0
physical addr is: 0x1A2000
Clone dir. Dir virtual address: 0xC0088000 Physical address: 0x1A2000
offset: 0x1000 pageTable Physical address: 0x1A3000
Copy kernel tables .
 Copy kernel tables .
 Before clone table.
 alloc on heap! virtual addr is: 0xC008B000
kernel_dir addr is: 0x114000
 Page content for address: 0xC008B000 is : 0x1A5005
Page frame for address: 0xC008B000 is : 0x1A5
Page addr&0xFFF for address: 0xC008B000 is : 0x0
physical addr is: 0x1A5000
Clone table. Table virtual address: 0xC008B000 Physical address: 0x1A5007
Before clone table.
 alloc on heap! virtual addr is: 0xC008D000
kernel_dir addr is: 0x114000
 Page content for address: 0xC008D000 is : 0x1A7005
Page frame for address: 0xC008D000 is : 0x1A7
Page addr&0xFFF for address: 0xC008D000 is : 0x0
physical addr is: 0x1A7000
Clone table. Table virtual address: 0xC008D000 Physical address: 0x1A7007
alloc on heap! virtual addr is: 0xC0080354
fork() returned 0x2 , and getpid() return